[15:26:47] [main/INFO]: Environment: authHost='https://authserver.mojang.com', accountsHost='https://api.mojang.com', sessionHost='https://sessionserver.mojang.com', servicesHost='https://api.minecraftservices.com', name='PROD'
[15:26:48] [main/WARN]: Ambiguity between arguments [teleport, location] and [teleport, destination] with inputs: [0.1 -0.5 .9, 0 0 0]
[15:26:48] [main/WARN]: Ambiguity between arguments [teleport, location] and [teleport, targets] with inputs: [0.1 -0.5 .9, 0 0 0]
[15:26:48] [main/WARN]: Ambiguity between arguments [teleport, destination] and [teleport, targets] with inputs: [Player, 0123, @e, dd12be42-52a9-4a91-a8a1-11c01849e498]
[15:26:48] [main/WARN]: Ambiguity between arguments [teleport, targets] and [teleport, destination] with inputs: [Player, 0123, dd12be42-52a9-4a91-a8a1-11c01849e498]
[15:26:48] [main/WARN]: Ambiguity between arguments [teleport, targets, location] and [teleport, targets, destination] with inputs: [0.1 -0.5 .9, 0 0 0]
[15:26:48] [main/INFO]: Reloading ResourceManager: Default
[15:26:50] [Worker-Main-4/INFO]: Loaded 7 recipes
[15:26:51] [Worker-Main-4/INFO]: Loaded 1137 advancements
[15:26:53] [Server thread/INFO]: Starting minecraft server version 1.17.1
[15:26:53] [Server thread/INFO]: Loading properties
[15:26:53] [Server thread/INFO]: Default game type: SURVIVAL
[15:26:53] [Server thread/INFO]: Generating keypair
[15:26:54] [Server thread/INFO]: Starting Minecraft server on 0.0.0.0:25565
[15:26:54] [Server thread/INFO]: Using epoll channel type
[15:26:54] [Server thread/INFO]: Preparing level "world"
[15:27:05] [Server thread/INFO]: Preparing start region for dimension minecraft:overworld
[15:27:06] [Worker-Main-5/INFO]: Preparing spawn area: 0%
[15:27:06] [Worker-Main-5/INFO]: Preparing spawn area: 0%
[15:27:06] [Worker-Main-4/INFO]: Preparing spawn area: 0%
[15:27:06] [Worker-Main-5/INFO]: Preparing spawn area: 0%
[15:27:07] [Worker-Main-6/INFO]: Preparing spawn area: 0%
[15:27:07] [Worker-Main-6/INFO]: Preparing spawn area: 0%
[15:27:08] [Worker-Main-6/INFO]: Preparing spawn area: 0%
[15:27:08] [Worker-Main-4/INFO]: Preparing spawn area: 0%
[15:27:09] [Worker-Main-6/INFO]: Preparing spawn area: 1%
[15:27:10] [Worker-Main-4/INFO]: Preparing spawn area: 1%
[15:27:10] [Worker-Main-5/INFO]: Preparing spawn area: 2%
[15:27:10] [Worker-Main-4/INFO]: Preparing spawn area: 2%
[15:27:11] [Worker-Main-5/INFO]: Preparing spawn area: 2%
[15:27:11] [Worker-Main-4/INFO]: Preparing spawn area: 2%
[15:27:12] [Worker-Main-6/INFO]: Preparing spawn area: 4%
[15:27:12] [Worker-Main-6/INFO]: Preparing spawn area: 4%
[15:27:13] [Worker-Main-6/INFO]: Preparing spawn area: 4%
[15:27:13] [Worker-Main-4/INFO]: Preparing spawn area: 4%
[15:27:14] [Worker-Main-6/INFO]: Preparing spawn area: 4%
[15:27:14] [Worker-Main-6/INFO]: Preparing spawn area: 4%
[15:27:15] [Worker-Main-4/INFO]: Preparing spawn area: 8%
[15:27:16] [Worker-Main-4/INFO]: Preparing spawn area: 8%
[15:27:16] [Worker-Main-6/INFO]: Preparing spawn area: 9%
[15:27:16] [Worker-Main-4/INFO]: Preparing spawn area: 9%
[15:27:17] [Worker-Main-4/INFO]: Preparing spawn area: 10%
[15:27:18] [Worker-Main-6/INFO]: Preparing spawn area: 11%
[15:27:18] [Worker-Main-4/INFO]: Preparing spawn area: 12%
[15:27:18] [Worker-Main-6/INFO]: Preparing spawn area: 12%
[15:27:19] [Worker-Main-6/INFO]: Preparing spawn area: 13%
[15:27:19] [Worker-Main-4/INFO]: Preparing spawn area: 13%
[15:27:20] [Worker-Main-6/INFO]: Preparing spawn area: 15%
[15:27:20] [Worker-Main-6/INFO]: Preparing spawn area: 15%
[15:27:21] [Worker-Main-5/INFO]: Preparing spawn area: 16%
[15:27:21] [Worker-Main-6/INFO]: Preparing spawn area: 16%
[15:27:22] [Worker-Main-4/INFO]: Preparing spawn area: 17%
[15:27:22] [Worker-Main-4/INFO]: Preparing spawn area: 17%
[15:27:23] [Worker-Main-5/INFO]: Preparing spawn area: 17%
[15:27:23] [Worker-Main-5/INFO]: Preparing spawn area: 17%
[15:27:24] [Worker-Main-5/INFO]: Preparing spawn area: 17%
[15:27:24] [Worker-Main-4/INFO]: Preparing spawn area: 17%
[15:27:25] [Worker-Main-5/INFO]: Preparing spawn area: 17%
[15:27:25] [Worker-Main-4/INFO]: Preparing spawn area: 17%
[15:27:26] [Worker-Main-5/INFO]: Preparing spawn area: 17%
[15:27:26] [Worker-Main-4/INFO]: Preparing spawn area: 17%
[15:27:27] [Worker-Main-6/INFO]: Preparing spawn area: 25%
[15:27:27] [Worker-Main-6/INFO]: Preparing spawn area: 26%
[15:27:28] [Worker-Main-4/INFO]: Preparing spawn area: 26%
[15:27:28] [Worker-Main-4/INFO]: Preparing spawn area: 27%
[15:27:29] [Worker-Main-4/INFO]: Preparing spawn area: 27%
[15:27:29] [Worker-Main-4/INFO]: Preparing spawn area: 29%
[15:27:30] [Worker-Main-6/INFO]: Preparing spawn area: 30%
[15:27:31] [Worker-Main-6/INFO]: Preparing spawn area: 31%
[15:27:32] [Worker-Main-4/INFO]: Preparing spawn area: 32%
[15:27:32] [Worker-Main-4/INFO]: Preparing spawn area: 32%
[15:27:33] [Worker-Main-4/INFO]: Preparing spawn area: 33%
[15:27:33] [Worker-Main-4/INFO]: Preparing spawn area: 33%
[15:27:33] [Worker-Main-4/INFO]: Preparing spawn area: 34%
[15:27:34] [Worker-Main-6/INFO]: Preparing spawn area: 38%
[15:27:34] [Worker-Main-6/INFO]: Preparing spawn area: 38%
[15:27:35] [Worker-Main-4/INFO]: Preparing spawn area: 43%
[15:27:35] [Worker-Main-5/INFO]: Preparing spawn area: 43%
[15:27:35] [Worker-Main-6/INFO]: Preparing spawn area: 46%
[15:27:36] [Worker-Main-6/INFO]: Preparing spawn area: 48%
[15:27:38] [Worker-Main-5/INFO]: Preparing spawn area: 50%
[15:27:38] [Worker-Main-5/INFO]: Preparing spawn area: 50%
[15:27:38] [Worker-Main-5/INFO]: Preparing spawn area: 50%
[15:27:38] [Worker-Main-4/INFO]: Preparing spawn area: 55%
[15:27:39] [Worker-Main-4/INFO]: Preparing spawn area: 58%
[15:27:39] [Worker-Main-4/INFO]: Preparing spawn area: 61%
[15:27:40] [Worker-Main-5/INFO]: Preparing spawn area: 62%
[15:27:41] [Worker-Main-6/INFO]: Preparing spawn area: 65%
[15:27:41] [Worker-Main-6/INFO]: Preparing spawn area: 65%
[15:27:41] [Worker-Main-5/INFO]: Preparing spawn area: 65%
[15:27:42] [Worker-Main-5/INFO]: Preparing spawn area: 70%
[15:27:42] [Worker-Main-4/INFO]: Preparing spawn area: 71%
[15:27:42] [Worker-Main-6/INFO]: Preparing spawn area: 73%
[15:27:43] [Worker-Main-4/INFO]: Preparing spawn area: 75%
[15:27:44] [Worker-Main-6/INFO]: Preparing spawn area: 79%
[15:27:45] [Worker-Main-4/INFO]: Preparing spawn area: 80%
[15:27:45] [Worker-Main-4/INFO]: Preparing spawn area: 80%
[15:27:45] [Worker-Main-5/INFO]: Preparing spawn area: 85%
[15:27:47] [Worker-Main-6/INFO]: Preparing spawn area: 85%
[15:27:47] [Worker-Main-6/INFO]: Preparing spawn area: 85%
[15:27:47] [Worker-Main-6/INFO]: Preparing spawn area: 85%
[15:27:47] [Worker-Main-5/INFO]: Preparing spawn area: 89%
[15:27:47] [Worker-Main-4/INFO]: Preparing spawn area: 92%
[15:27:48] [Worker-Main-4/INFO]: Preparing spawn area: 95%
[15:27:49] [Worker-Main-6/INFO]: Preparing spawn area: 96%
[15:27:49] [Server thread/INFO]: Time elapsed: 43908 ms
[15:27:49] [Server thread/INFO]: Done (54.649s)! For help, type "help"
[15:27:49] [Server thread/INFO]: Starting GS4 status listener
[15:27:49] [Server thread/INFO]: Thread Query Listener started
[15:27:49] [Query Listener #1/INFO]: Query running on 0.0.0.0:25565
[15:27:51] [Server thread/WARN]: Can't keep up! Is the server overloaded? Running 2025ms or 40 ticks behind
[15:27:55] [Server thread/WARN]: handleDisconnection() called twice
[15:32:53] [Server thread/WARN]: handleDisconnection() called twice
[15:41:01] [Server thread/INFO]: Stopping the server
[15:41:01] [Server thread/INFO]: Stopping server
[15:41:01] [Server thread/INFO]: Saving players
[15:41:01] [Server thread/INFO]: Saving worlds
[15:41:01] [Server thread/INFO]: Saving chunks for level 'ServerLevel[world]'/minecraft:overworld
[15:41:02] [Server thread/INFO]: Saving chunks for level 'ServerLevel[world]'/minecraft:the_nether
[15:41:02] [Server thread/INFO]: Saving chunks for level 'ServerLevel[world]'/minecraft:the_end
[15:41:02] [Server thread/INFO]: ThreadedAnvilChunkStorage (world): All chunks are saved
[15:41:02] [Server thread/INFO]: ThreadedAnvilChunkStorage (DIM-1): All chunks are saved
[15:41:02] [Server thread/INFO]: ThreadedAnvilChunkStorage (DIM1): All chunks are saved
[15:41:02] [Server thread/INFO]: ThreadedAnvilChunkStorage: All dimensions are saved
[15:41:02] [Server thread/INFO]: Thread Query Listener stopped
