[07:08:59] [Server thread/INFO]: Villager EntityVillager['Villager'/887, l='ServerLevel[The-Wall-master]', x=-250.70, y=64.00, z=214.70] died, message: 'Villager hit the ground too hard'
[08:18:41] [Server thread/INFO]: Villager EntityVillager['Villager'/225, l='ServerLevel[The-Wall-master]', x=-246.28, y=11.00, z=205.95] died, message: 'Villager hit the ground too hard'
[12:15:56] [User Authenticator #17/INFO]: UUID of player 855_FOR_TRUTH is cc451e9c-6e62-4f2b-b7a6-45ea7305d961
[12:15:56] [Server thread/INFO]: 855_FOR_TRUTH joined the game
[12:15:56] [Server thread/INFO]: 855_FOR_TRUTH[/192.225.189.118:35287] logged in with entity id 159572 at ([The-Wall-master]0.5, 73.38543467530647, 0.5)
[12:16:46] [Server thread/INFO]: 855_FOR_TRUTH lost connection: Timed out
[12:16:46] [Server thread/INFO]: 855_FOR_TRUTH left the game.
[12:17:25] [User Authenticator #18/INFO]: UUID of player 855_FOR_TRUTH is cc451e9c-6e62-4f2b-b7a6-45ea7305d961
[12:17:25] [Server thread/INFO]: 855_FOR_TRUTH joined the game
[12:17:25] [Server thread/INFO]: 855_FOR_TRUTH[/192.225.189.118:28118] logged in with entity id 161135 at ([The-Wall-master]0.5059121112312611, 95.12436261018769, -7.745343952736025)
[12:18:15] [Server thread/INFO]: 855_FOR_TRUTH lost connection: Timed out
[12:18:15] [Server thread/INFO]: 855_FOR_TRUTH left the game.
[12:18:52] [User Authenticator #19/INFO]: UUID of player 855_FOR_TRUTH is cc451e9c-6e62-4f2b-b7a6-45ea7305d961
[12:18:52] [Server thread/INFO]: 855_FOR_TRUTH joined the game
[12:18:52] [Server thread/INFO]: 855_FOR_TRUTH[/192.225.189.118:64539] logged in with entity id 162670 at ([The-Wall-master]0.5059121112312611, 95.12436261018769, -7.745343952736025)
[12:19:42] [Server thread/INFO]: 855_FOR_TRUTH lost connection: Timed out
[12:19:42] [Server thread/INFO]: 855_FOR_TRUTH left the game.
[20:49:35] [Server thread/ERROR]: Could not save data net.minecraft.world.entity.raid.PersistentRaid@549e33f0
java.io.IOException: No space left on device
	at java.io.FileOutputStream.writeBytes(Native Method) ~[?:?]
	at java.io.FileOutputStream.write(FileOutputStream.java:336) ~[?:?]
	at java.util.zip.GZIPOutputStream.writeHeader(GZIPOutputStream.java:191) ~[?:?]
	at java.util.zip.GZIPOutputStream.<init>(GZIPOutputStream.java:97) ~[?:?]
	at java.util.zip.GZIPOutputStream.<init>(GZIPOutputStream.java:112) ~[?:?]
	at net.minecraft.nbt.NBTCompressedStreamTools.a(NBTCompressedStreamTools.java:138) ~[spigot-1.19.2-R0.1-SNAPSHOT.jar:3566-Spigot-584b459-c379a6b]
	at net.minecraft.nbt.NBTCompressedStreamTools.a(NBTCompressedStreamTools.java:123) ~[spigot-1.19.2-R0.1-SNAPSHOT.jar:3566-Spigot-584b459-c379a6b]
	at net.minecraft.world.level.saveddata.PersistentBase.a(SourceFile:40) ~[spigot-1.19.2-R0.1-SNAPSHOT.jar:3566-Spigot-584b459-c379a6b]
	at net.minecraft.world.level.storage.WorldPersistentData.b(SourceFile:123) ~[spigot-1.19.2-R0.1-SNAPSHOT.jar:3566-Spigot-584b459-c379a6b]
	at java.util.HashMap.forEach(HashMap.java:1421) ~[?:?]
	at net.minecraft.world.level.storage.WorldPersistentData.a(SourceFile:121) ~[spigot-1.19.2-R0.1-SNAPSHOT.jar:3566-Spigot-584b459-c379a6b]
	at net.minecraft.server.level.WorldServer.ar(WorldServer.java:911) ~[spigot-1.19.2-R0.1-SNAPSHOT.jar:3566-Spigot-584b459-c379a6b]
	at net.minecraft.server.level.WorldServer.a(WorldServer.java:883) ~[spigot-1.19.2-R0.1-SNAPSHOT.jar:3566-Spigot-584b459-c379a6b]
	at net.minecraft.server.MinecraftServer.a(MinecraftServer.java:789) ~[spigot-1.19.2-R0.1-SNAPSHOT.jar:3566-Spigot-584b459-c379a6b]
	at net.minecraft.server.MinecraftServer.b(MinecraftServer.java:823) ~[spigot-1.19.2-R0.1-SNAPSHOT.jar:3566-Spigot-584b459-c379a6b]
	at net.minecraft.server.MinecraftServer.a(MinecraftServer.java:1224) ~[spigot-1.19.2-R0.1-SNAPSHOT.jar:3566-Spigot-584b459-c379a6b]
	at net.minecraft.server.MinecraftServer.v(MinecraftServer.java:1013) ~[spigot-1.19.2-R0.1-SNAPSHOT.jar:3566-Spigot-584b459-c379a6b]
	at net.minecraft.server.MinecraftServer.lambda$0(MinecraftServer.java:293) ~[spigot-1.19.2-R0.1-SNAPSHOT.jar:3566-Spigot-584b459-c379a6b]
	at java.lang.Thread.run(Thread.java:833) [?:?]
[20:49:35] [Se