[04:08:47] [User Authenticator #22/INFO]: UUID of player KROD_DA_KROD is cb6c9f64-2f53-4b59-b1bb-a55d9a028145
[04:08:48] [Server thread/INFO]: KROD_DA_KROD joined the game
[04:08:48] [Server thread/INFO]: KROD_DA_KROD[/192.168.1.2:36456] logged in with entity id 234637 at ([The-Wall-master]-241.69922051794995, 11.0, 244.59078658868356)
[04:10:55] [Server thread/INFO]: KROD_DA_KROD lost connection: Disconnected
[04:10:55] [Server thread/INFO]: KROD_DA_KROD left the game
[04:24:35] [Server thread/ERROR]: Could not save data net.minecraft.world.entity.raid.PersistentRaid@549e33f0
java.io.IOException: No space left on device
	at java.io.FileOutputStream.writeBytes(Native Method) ~[?:?]
	at java.io.FileOutputStream.write(FileOutputStream.java:336) ~[?:?]
	at java.util.zip.GZIPOutputStream.writeHeader(GZIPOutputStream.java:191) ~[?:?]
	at java.util.zip.GZIPOutputStream.<init>(GZIPOutputStream.java:97) ~[?:?]
	at java.util.zip.GZIPOutputStream.<init>(GZIPOutputStream.java:112) ~[?:?]
	at net.minecraft.nbt.NBTCompressedStreamTools.a(NBTCompressedStreamTools.java:138) ~[spigot-1.19.2-R0.1-SNAPSHOT.jar:3566-Spigot-584b459-c379a6b]
	at net.minecraft.nbt.NBTCompressedStreamTools.a(NBTCompressedStreamTools.java:123) ~[spigot-1.19.2-R0.1-SNAPSHOT.jar:3566-Spigot-584b459-c379a6b]
	at net.minecraft.world.level.saveddata.PersistentBase.a(SourceFile:40) ~[spigot-1.19.2-R0.1-SNAPSHOT.jar:3566-Spigot-584b459-c379a6b]
	at net.minecraft.world.level.storage.WorldPersistentData.b(SourceFile:123) ~[spigot-1.19.2-R0.1-SNAPSHOT.jar:3566-Spigot-584b459-c379a6b]
	at java.util.HashMap.forEach(HashMap.java:1421) ~[?:?]
	at net.minecraft.world.level.storage.WorldPersistentData.a(SourceFile:121) ~[spigot-1.19.2-R0.1-SNAPSHOT.jar:3566-Spigot-584b459-c379a6b]
	at net.minecraft.server.level.WorldServer.ar(WorldServer.java:911) ~[spigot-1.19.2-R0.1-SNAPSHOT.jar:3566-Spigot-584b459-c379a6b]
	at net.minecraft.server.level.WorldServer.a(WorldServer.java:883) ~[spigot-1.19.2-R0.1-SNAPSHOT.jar:3566-Spigot-584b459-c379a6b]
	at net.minecraft.server.MinecraftServer.a(MinecraftServer.java:789) ~[spigot-1.19.2-R0.1-SNAPSHOT.jar:3566-Spigot-584b459-c379a6b]
	at net.minecraft.server.MinecraftServer.b(MinecraftServer.java:823) ~[spigot-1.19.2-R0.1-SNAPSHOT.jar:3566-Spigot-584b459-c379a6b]
	at net.minecraft.server.MinecraftServer.a(MinecraftServer.java:1224) ~[spigot-1.19.2-R0.1-SNAPSHOT.jar:3566-Spigot-584b459-c379a6b]
	at net.minecraft.server.MinecraftServer.v(MinecraftServer.java:1013) ~[spigot-1.19.2-R0.1-SNAPSHOT.jar:3566-Spigot-584b459-c379a6b]
	at net.minecraft.server.MinecraftServer.lambda$0(MinecraftServer.java:293) ~[spigot-1.19.2-R0.1-SNAPSHOT.jar:3566-Spigot-584b459-c379a6b]
	at java.lang.Thread.run(Thread.java:833) [?:?]
[04:24:35] [Server thread/ERROR]: Failed to save level ./The-Wall-master
java.io.IOException: No space left on device
	at java.io.UnixFileSystem.createFileExclusively(Native Method) ~[?:?]
	at java.io.File.createTempFile(File.java:2179) ~[?:?]
	at net.minecraft.world.level.storage.Convertable$ConversionSession.a(Convertable.java:462) ~[spigot-1.19.2-R0.1-SNAPSHOT.jar:3566-Spigot-584b459-c379a6b]
	at net.minecraft.server.level.WorldServer.a(WorldServer.java:902) ~[spigot-1.19.2-R0.1-SNAPSHOT.jar:3566-Spigot-584b459-c379a6b]
	at net.minecraft.server.MinecraftServer.a(MinecraftServer.java:789) ~[spigot-1.19.2-R0.1-SNAPSHOT.jar:3566-Spigot-584b459-c379a6b]
	at net.minecraft.server.MinecraftServer.b(MinecraftServer.java:823) ~[spigot-1.19.2-R0.1-SNAPSHOT.jar:3566-Spigot-584b459-c379a6b]
	at net.minecraft.server.MinecraftServer.a(MinecraftServer.java:1224) ~[spigot-1.19.2-R0.1-SNAPSHOT.jar:3566-Spigot-584b459-c379a6b]
	at net.minecraft.server.MinecraftServer.v(MinecraftServer.java:1013) ~[spigot-1.19.2-R0.1-SNAPSHOT.jar:3566-Spigot-584b459-c379a6b]
	at net.minecraft.server.MinecraftServer.lambda$0(MinecraftServer.java:293) ~[spigot-1.19.2-R0.1-SNAPSHOT.jar:3566-Spigot-584b459-c379a6b]
	at java.lang.Thread.run(Thread.java:833) [?:?]
[04:24:35] [Server thread/ERROR]: Could not save data net.minecraft.world.entity.raid.PersistentRaid@340d238a
java.io[22:02:24] [User Authenticator #23/INFO]: UUID of player 855_FOR_TRUTH is cc451e9c-6e62-4f2b-b7a6-45ea7305d961
[22:02:25] [Server thread/INFO]: 855_FOR_TRUTH joined the game
[22:02:25] [Server thread/INFO]: 855_FOR_TRUTH[/192.225.189.118:18815] logged in with entity id 238599 at ([The-Wall-master]0.5059121112312611, 95.12436261018769, -7.745343952736025)
[22:03:15] [Server thread/INFO]: 855_FOR_TRUTH lost connection: Timed out
[22:03:15] [Server thread/INFO]: 855_FOR_TRUTH left the game.
[22:04:08] [User Authenticator #24/INFO]: UUID of player 855_FOR_TRUTH is cc451e9c-6e62-4f2b-b7a6-45ea7305d961
[22:04:08] [Server thread/INFO]: 855_FOR_TRUTH joined the game
[22:04:08] [Server thread/INFO]: 855_FOR_TRUTH[/192.225.189.118:31516] logged in with entity id 240045 at ([The-Wall-master]0.5059121112312611, 95.12436261018769, -7.745343952736025)
[22:04:58] [Server thread/INFO]: 855_FOR_TRUTH lost connection: Timed out
[22:04:58] [Server thread/INFO]: 855_FOR_TRUTH left the game.
[22:05:36] [User Authenticator #25/INFO]: UUID of player 855_FOR_TRUTH is cc451e9c-6e62-4f2b-b7a6-45ea7305d961
[22:05:36] [Server thread/INFO]: 855_FOR_TRUTH joined the game
[22:05:36] [Server thread/INFO]: 855_FOR_TRUTH[/192.225.189.118:60981] logged in with entity id 241485 at ([The-Wall-master]0.5059121112312611, 95.12436261018769, -7.745343952736025)
[22:06:26] [Server thread/INFO]: 855_FOR_TRUTH lost connection: Timed out
[22:06:26] [Server thread/INFO]: 855_FOR_TRUTH left the game.
