[03:45:58] [Server thread/WARN]: handleDisconnection() called twice
[09:24:35] [Server thread/ERROR]: Could not save data net.minecraft.world.entity.raid.PersistentRaid@549e33f0
java.io.IOException: No space left on device
	at java.io.FileOutputStream.writeBytes(Native Method) ~[?:?]
	at java.io.FileOutputStream.write(FileOutputStream.java:336) ~[?:?]
	at java.util.zip.GZIPOutputStream.writeHeader(GZIPOutputStream.java:191) ~[?:?]
	at java.util.zip.GZIPOutputStream.<init>(GZIPOutputStream.java:97) ~[?:?]
	at java.util.zip.GZIPOutputStream.<init>(GZIPOutputStream.java:112) ~[?:?]
	at net.minecraft.nbt.NBTCompressedStreamTools.a(NBTCompressedStreamTools.java:138) ~[spigot-1.19.2-R0.1-SNAPSHOT.jar:3566-Spigot-584b459-c379a6b]
	at net.minecraft.nbt.NBTCompressedStreamTools.a(NBTCompressedStreamTools.java:123) ~[spigot-1.19.2-R0.1-SNAPSHOT.jar:3566-Spigot-584b459-c379a6b]
	at net.minecraft.world.level.saveddata.PersistentBase.a(SourceFile:40) ~[spigot-1.19.2-R0.1-SNAPSHOT.jar:3566-Spigot-584b459-c379a6b]
	at net.minecraft.world.level.storage.WorldPersistentData.b(SourceFile:123) ~[spigot-1.19.2-R0.1-SNAPSHOT.jar:3566-Spigot-584b459-c379a6b]
	at java.util.HashMap.forEach(HashMap.java:1421) ~[?:?]
	at net.minecraft.world.level.storage.WorldPersistentData.a(SourceFile:121) ~[spigot-1.19.2-R0.1-SNAPSHOT.jar:3566-Spigot-584b459-c379a6b]
	at net.minecraft.server.level.WorldServer.ar(WorldServer.java:911) ~[spigot-1.19.2-R0.1-SNAPSHOT.jar:3566-Spigot-584b459-c379a6b]
	at net.minecraft.server.level.WorldServer.a(WorldServer.java:883) ~[spigot-1.19.2-R0.1-SNAPSHOT.jar:3566-Spigot-584b459-c379a6b]
	at net.minecraft.server.MinecraftServer.a(MinecraftServer.java:789) ~[spigot-1.19.2-R0.1-SNAPSHOT.jar:3566-Spigot-584b459-c379a6b]
	at net.minecraft.server.MinecraftServer.b(MinecraftServer.java:823) ~[spigot-1.19.2-R0.1-SNAPSHOT.jar:3566-Spigot-584b459-c379a6b]
	at net.minecraft.server.MinecraftServer.a(MinecraftServer.java:1224) ~[spigot-1.19.2-R0.1-SNAPSHOT.jar:3566-Spigot-584b459-c379a6b]
	at net.minecraft.server.MinecraftServer.v(MinecraftServer.java:1013) ~[spigot-1.19.2-R0.1-SNAPSHOT.jar:3566-Spigot-584b459-c379a6b]
	at net.minecraft.server.MinecraftServer.lambda$0(MinecraftServer.java:293) ~[spigot-1.19.2-R0.1-SNAPSHOT.jar:3566-Spigot-584b459-c379a6b]
	at java.lang.Thread.run(Thread.java:833) [?:?]
[09:24:35] [Server thread/ERROR]: Failed to save level ./The-Wall-master
java.io.IOException: No space left on device
	at java.io.FileOutputStream.writeBytes(Native Method) ~[?:?]
	at java.io.FileOutputStream.write(FileOutputStream.java:336) ~[?:?]
	at java.util.zip.GZIPOutputStream.writeHeader(GZIPOutputStream.java:191) ~[?:?]
	at java.util.zip.GZIPOutputStream.<init>(GZIPOutputStream.java:97) ~[?:?]
	at java.util.zip.GZIPOutputStream.<init>(GZIPOutputStream.java:112) ~[?:?]
	at net.minecraft.nbt.NBTCompressedStreamTools.a(NBTCompressedStreamTools.java:138) ~[spigot-1.19.2-R0.1-SNAPSHOT.jar:3566-Spigot-584b459-c379a6b]
	at net.minecraft.nbt.NBTCompressedStreamTools.a(NBTCompressedStreamTools.java:123) ~[spigot-1.19.2-R0.1-SNAPSHOT.jar:3566-Spigot-584b459-c379a6b]
	at net.minecraft.world.level.storage.Convertable$ConversionSession.a(Convertable.java:464) ~[spigot-1.19.2-R0.1-SNAPSHOT.jar:3566-Spigot-584b459-c379a6b]
	at net.minecraft.server.level.WorldServer.a(WorldServer.java:902) ~[spigot-1.19.2-R0.1-SNAPSHOT.jar:3566-Spigot-584b459-c379a6b]
	at net.minecraft.server.MinecraftServer.a(MinecraftServer.java:789) ~[spigot-1.19.2-R0.1-SNAPSHOT.jar:3566-Spigot-584b459-c379a6b]
	at net.minecraft.server.MinecraftServer.b(MinecraftServer.java:823) ~[spigot-1.19.2-R0.1-SNAPSHOT.jar:3566-Spigot-584b459-c379a6b]
	at net.minecraft.server.MinecraftServer.a(MinecraftServer.java:1224) ~[spigot-1.19.2-R0.1-SNAPSHOT.jar:3566-Spigot-584b459-c379a6b]
	at net.minecraft.server.MinecraftServer.v(MinecraftServer.java:1013) ~[spigot-1.19.2-R0.1-SNAPSHOT.jar:3566-Spigot-584b459-c379a6b]
	at net.minecraft.server.MinecraftServer.lambda$0(MinecraftServer.java:293) ~[spigot-1.19.2-R0.1-SNAPSHOT.jar:3566-Spigot-584b459-c379a6b]
	at java.lang.Thread.run(Thread.java:833