[00:00:16] [Server thread/WARN]: Can't keep up! Is the server overloaded? Running 5010ms or 100 ticks behind
[00:01:20] [Server thread/WARN]: Can't keep up! Is the server overloaded? Running 5004ms or 100 ticks behind
[00:02:23] [Server thread/WARN]: Can't keep up! Is the server overloaded? Running 5003ms or 100 ticks behind
[00:03:31] [Server thread/WARN]: Can't keep up! Is the server overloaded? Running 5003ms or 100 ticks behind
[00:04:47] [Server thread/WARN]: Can't keep up! Is the server overloaded? Running 5004ms or 100 ticks behind
[00:05:59] [Server thread/WARN]: Can't keep up! Is the server overloaded? Running 5017ms or 100 ticks behind
[00:07:29] [Server thread/WARN]: Can't keep up! Is the server overloaded? Running 5006ms or 100 ticks behind
[00:09:06] [Server thread/WARN]: Can't keep up! Is the server overloaded? Running 5009ms or 100 ticks behind
[00:10:54] [Server thread/WARN]: Can't keep up! Is the server overloaded? Running 5004ms or 100 ticks behind
[00:12:36] [Server thread/WARN]: Can't keep up! Is the server overloaded? Running 5006ms or 100 ticks behind
[00:14:22] [Server thread/WARN]: Can't keep up! Is the server overloaded? Running 5001ms or 100 ticks behind
[00:15:17] [Server thread/INFO]: Saving the game (this may take a moment!)
[00:15:17] [Server thread/INFO]: Saved the game
[00:16:02] [Server thread/WARN]: Can't keep up! Is the server overloaded? Running 5006ms or 100 ticks behind
[00:17:13] [Server thread/WARN]: Can't keep up! Is the server overloaded? Running 5001ms or 100 ticks behind
[00:18:21] [Server thread/WARN]: Can't keep up! Is the server overloaded? Running 5011ms or 100 ticks behind
[00:19:27] [Server thread/WARN]: Can't keep up! Is the server overloaded? Running 5004ms or 100 ticks behind
[00:20:37] [Server thread/WARN]: Can't keep up! Is the server overloaded? Running 5011ms or 100 ticks behind
[00:21:52] [Server thread/WARN]: Can't keep up! Is the server overloaded? Running 5001ms or 100 ticks behind
[00:23:04] [Server thread/WARN]: Can't keep up! Is the server overloaded? Running 5007ms or 100 ticks behind
[00:24:09] [Server thread/WARN]: Can't keep up! Is the server overloaded? Running 5011ms or 100 ticks behind
[00:25:15] [Server thread/WARN]: Can't keep up! Is the server overloaded? Running 5006ms or 100 ticks behind
[00:26:21] [Server thread/WARN]: Can't keep up! Is the server overloaded? Running 5016ms or 100 ticks behind
[00:27:40] [Server thread/WARN]: Can't keep up! Is the server overloaded? Running 5004ms or 100 ticks behind
[00:29:10] [Server thread/WARN]: Can't keep up! Is the server overloaded? Running 5002ms or 100 ticks behind
[00:30:35] [Server thread/WARN]: Can't keep up! Is the server overloaded? Running 5003ms or 100 ticks behind
[00:31:56] [Server thread/WARN]: Can't keep up! Is the server overloaded? Running 5002ms or 100 ticks behind
[00:32:53] [Server thread/WARN]: Can't keep up! Is the server overloaded? Running 5004ms or 100 ticks behind
[00:33:51] [Server thread/WARN]: Can't keep up! Is the server overloaded? Running 5008ms or 100 ticks behind
[00:34:46] [Server thread/WARN]: Can't keep up! Is the server overloaded? Running 5003ms or 100 ticks behind
[00:35:46] [Server thread/WARN]: Can't keep up! Is the server overloaded? Running 5003ms or 100 ticks behind
[00:36:46] [Server thread/WARN]: Can't keep up! Is the server overloaded? Running 5002ms or 100 ticks behind
[00:37:48] [Server thread/WARN]: Can't keep up! Is the server overloaded? Running 5009ms or 100 ticks behind
[00:38:30] [Server thread/WARN]: Can't keep up! Is the server overloaded? Running 5001ms or 100 ticks behind
[00:39:15] [Server thread/WARN]: Can't keep up! Is the server overloaded? Running 5008ms or 100 ticks behind
[00:40:05] [Server thread/WARN]: Can't keep up! Is the server overloaded? Running 5008ms or 100 ticks behind
[00:40:56] [Server thread/WARN]: Can't keep up! Is the server overloaded? Running 5004ms or 100 ticks behind
[00:41:47] [Server thread/WARN]: Can't keep up! Is the server overloaded? Running 5004ms or 100 ticks behind
[00:42:35] [Server thread/WARN]: Can't keep up! Is the server overloaded? Running 5004ms or 100 ticks behind
[00:43:24] [Server thread/WARN]: Can't keep up! Is the server overloaded? Running 5001ms or 100 ticks behind
[00:44:09] [Server thread/WARN]: Can't keep up! Is the server overloaded? Running 5006ms or 100 ticks behind
[00:44:58] [Server thread/WARN]: Can't keep up! Is the server overloaded? Running 5006ms or 100 ticks behind
[00:45:17] [Server thread/INFO]: Saving the game (this may take a moment!)
[00:45:17] [Server thread/INFO]: Saved the game
[00:45:45] [Server thread/WARN]: Can't keep up! Is the server overloaded? Running 5002ms or 100 ticks behind
[00:46:30] [Server thread/WARN]: Can't keep up! Is the server overloaded? Running 5009ms or 100 ticks behind
[00:47:16] [Server thread/WARN]: Can't keep up! Is the server overloaded? Running 5003ms or 100 ticks behind
[00:48:07] [Server thread/WARN]: Can't keep up! Is the server overloaded? Running 5009ms or 100 ticks behind
[00:48:57] [Server thread/WARN]: Can't keep up! Is the server overloaded? Running 5002ms or 100 ticks behind
[00:49:54] [Server thread/WARN]: Can't keep up! Is the server overloaded? Running 5002ms or 100 ticks behind
[00:50:57] [Server thread/WARN]: Can't keep up! Is the server overloaded? Running 5001ms or 100 ticks behind
[00:51:58] [Server thread/WARN]: Can't keep up! Is the server overloaded? Running 5009ms or 100 ticks behind
[00:52:59] [Server thread/WARN]: Can't keep up! Is the server overloaded? Running 5007ms or 100 ticks behind
[00:54:17] [Server thread/WARN]: Can't keep up! Is the server overloaded? Running 5002ms or 100 ticks behind
[00:55:48] [Server thread/WARN]: Can't keep up! Is the server overloaded? Running 5002ms or 100 ticks behind
[00:57:16] [Server thread/WARN]: Can't keep up! Is the server overloaded? Running 5001ms or 100 ticks behind
[00:58:47] [Server thread/WARN]: Can't keep up! Is the server overloaded? Running 5001ms or 100 ticks behind
[01:00:13] [Server thread/WARN]: Can't keep up! Is the server overloaded? Running 5004ms or 100 ticks behind
[01:01:22] [Server thread/WARN]: Can't keep up! Is the server overloaded? Running 5007ms or 100 ticks behind
[01:02:31] [Server thread/WARN]: Can't keep up! Is the server overloaded? Running 5001ms or 100 ticks behind
[01:03:37] [Server thread/WARN]: Can't keep up! Is the server overloaded? Running 5008ms or 100 ticks behind
[01:04:24] [Server thread/WARN]: Can't keep up! Is the server overloaded? Running 5006ms or 100 ticks behind
[01:05:12] [Server thread/WARN]: Can't keep up! Is the server overloaded? Running 5003ms or 100 ticks behind
[01:06:01] [Server thread/WARN]: Can't keep up! Is the server overloaded? Running 5006ms or 100 ticks behind
[01:07:10] [Server thread/WARN]: Can't keep up! Is the server overloaded? Running 5003ms or 100 ticks behind
[01:08:00] [Server thread/WARN]: Can't keep up! Is the server overloaded? Running 5003ms or 100 ticks behind
[01:09:08] [Server thread/WARN]: Can't keep up! Is the server overloaded? Running 5006ms or 100 ticks behind
[01:10:15] [Server thread/WARN]: Can't keep up! Is the server overloaded? Running 5014ms or 100 ticks behind
[01:10:59] [Server thread/WARN]: Can't keep up! Is the server overloaded? Running 5044ms or 100 ticks behind
[01:11:35] [Server thread/WARN]: Can't keep up! Is the server overloaded? Running 6854ms or 137 ticks behind
[01:13:13] [Server thread/WARN]: Can't keep up! Is the server overloaded? Running 5007ms or 100 ticks behind
[01:15:08] [Server thread/WARN]: Can't keep up! Is the server overloaded? Running 5002ms or 100 ticks behind
[01:15:17] [Server thread/INFO]: Saving the game (this may take a moment!)
[01:15:17] [Server thread/INFO]: Saved the game
[01:16:53] [Server thread/WARN]: Can't keep up! Is the server overloaded? Running 5005ms or 100 ticks behind
[01:18:41] [Server thread/WARN]: Can't keep up! Is the server overloaded? Running 5023ms or 100 ticks behind
[01:20:24] [Server thread/WARN]: Can't keep up! Is the server overloaded? Running 5002ms or 100 ticks behind
[01:21:39] [Server thread/WARN]: Can't keep up! Is the server overloaded? Running 5003ms or 100 ticks behind
[01:22:37] [Server thread/WARN]: Can't keep up! Is the server overloaded? Running 5002ms or 100 ticks behind
[01:23:41] [Server thread/WARN]: Can't keep up! Is the server overloaded? Running 5001ms or 100 ticks behind
[01:24:37] [Server thread/WARN]: Can't keep up! Is the server overloaded? Running 5005ms or 100 ticks behind
[01:25:35] [Server thread/WARN]: Can't keep up! Is the server overloaded? Running 5011ms or 100 ticks behind
[01:26:32] [Server thread/WARN]: Can't keep up! Is the server overloaded? Running 5003ms or 100 ticks behind
[01:27:25] [Server thread/WARN]: Can't keep up! Is the server overloaded? Running 5006ms or 100 ticks behind
[01:28:15] [Server thread/WARN]: Can't keep up! Is the server overloaded? Running 5008ms or 100 ticks behind
[01:29:12] [Server thread/WARN]: Can't keep up! Is the server overloaded? Running 5002ms or 100 ticks behind
[01:30:14] [Server thread/WARN]: Can't keep up! Is the server overloaded? Running 5009ms or 100 ticks behind
[01:31:06] [Server thread/WARN]: Can't keep up! Is the server overloaded? Running 5009ms or 100 ticks behind
[01:31:46] [Server thread/WARN]: Can't keep up! Is the server overloaded? Running 10155ms or 203 ticks behind
[01:32:57] [Server thread/WARN]: Can't keep up! Is the server overloaded? Running 5002ms or 100 ticks behind
[01:34:29] [Server thread/WARN]: Can't keep up! Is the server overloaded? Running 5003ms or 100 ticks behind
[01:36:09] [Server thread/WARN]: Can't keep up! Is the server overloaded? Running 5011ms or 100 ticks behind
[01:37:45] [Server thread/WARN]: Can't keep up! Is the server overloaded? Running 5002ms or 100 ticks behind
[01:39:13] [Server thread/WARN]: Can't keep up! Is the server overloaded? Running 5005ms or 100 ticks behind
[01:40:51] [Server thread/WARN]: Can't keep up! Is the server overloaded? Running 5007ms or 100 ticks behind
[01:42:19] [Server thread/WARN]: Can't keep up! Is the server overloaded? Running 5002ms or 100 ticks behind
[01:43:46] [Server thread/WARN]: Can't keep up! Is the server overloaded? Running 5009ms or 100 ticks behind
[01:45:03] [Server thread/WARN]: Can't keep up! Is the server overloaded? Running 5001ms or 100 ticks behind
[01:45:17] [Server thread/INFO]: Saving the game (this may take a moment!)
[01:45:17] [Server thread/INFO]: Saved the game
[01:46:19] [Server thread/WARN]: Can't keep up! Is the server overloaded? Running 5001ms or 100 ticks behind
[01:47:30] [Server thread/WARN]: Can't keep up! Is the server overloaded? Running 5002ms or 100 ticks behind
[01:48:41] [Server thread/WARN]: Can't keep up! Is the server overloaded? Running 5002ms or 100 ticks behind
[01:49:47] [Server thread/WARN]: Can't keep up! Is the server overloaded? Running 5004ms or 100 ticks behind
[01:50:55] [Server thread/WARN]: Can't keep up! Is the server overloaded? Running 5004ms or 100 ticks behind
[01:52:03] [Server thread/WARN]: Can't keep up! Is the server overloaded? Running 5005ms or 100 ticks behind
[01:53:09] [Server thread/WARN]: Can't keep up! Is the server overloaded? Running 5006ms or 100 ticks behind
[01:54:22] [Server thread/WARN]: Can't keep up! Is the server overloaded? Running 5010ms or 100 ticks behind
[01:55:43] [Server thread/WARN]: Can't keep up! Is the server overloaded? Running 5002ms or 100 ticks behind
[01:56:59] [Server thread/WARN]: Can't keep up! Is the server overloaded? Running 5004ms or 100 ticks behind
[01:58:24] [Server thread/WARN]: Can't keep up! Is the server overloaded? Running 5003ms or 100 ticks behind
[01:59:55] [Server thread/WARN]: Can't keep up! Is the server overloaded? Running 5014ms or 100 ticks behind
[02:01:15] [Server thread/WARN]: Can't keep up! Is the server overloaded? Running 5008ms or 100 ticks behind
[02:01:50] [Server thread/WARN]: Can't keep up! Is the server overloaded? Running 5139ms or 102 ticks behind
[02:02:29] [Server thread/WARN]: Can't keep up! Is the server overloaded? Running 8539ms or 170 ticks behind
[02:03:08] [Server thread/WARN]: Can't keep up! Is the server overloaded? Running 8890ms or 177 ticks behind
[02:03:46] [Server thread/WARN]: Can't keep up! Is the server overloaded? Running 8340ms or 166 ticks behind
[02:04:25] [Server thread/WARN]: Can't keep up! Is the server overloaded? Running 8740ms or 174 ticks behind
[02:05:03] [Server thread/WARN]: Can't keep up! Is the server overloaded? Running 8804ms or 176 ticks behind
[02:05:43] [Server thread/WARN]: Can't keep up! Is the server overloaded? Running 9043ms or 180 ticks behind
[02:06:21] [Server thread/WARN]: Can't keep up! Is the server overloaded? Running 8945ms or 178 ticks behind
[02:07:00] [Server thread/WARN]: Can't keep up! Is the server overloaded? Running 8806ms or 176 ticks behind
[02:07:39] [Server thread/WARN]: Can't keep up! Is the server overloaded? Running 8659ms or 173 ticks behind
[02:08:17] [Server thread/WARN]: Can't keep up! Is the server overloaded? Running 8589ms or 171 ticks behind
[02:08:58] [Server thread/WARN]: Can't keep up! Is the server overloaded? Running 10321ms or 206 ticks behind
[02:09:37] [Server thread/WARN]: Can't keep up! Is the server overloaded? Running 9723ms or 194 ticks behind
[02:10:17] [Server thread/WARN]: Can't keep up! Is the server overloaded? Running 9137ms or 182 ticks behind
[02:10:55] [Server thread/WARN]: Can't keep up! Is the server overloaded? Running 8993ms or 179 ticks behind
[02:11:35] [Server thread/WARN]: Can't keep up! Is the server overloaded? Running 9344ms or 186 ticks behind
[02:12:14] [Server thread/WARN]: Can't keep up! Is the server overloaded? Running 9015ms or 180 ticks behind
[02:12:53] [Server thread/WARN]: Can't keep up! Is the server overloaded? Running 9039ms or 180 ticks behind
[02:13:32] [Server thread/WARN]: Can't keep up! Is the server overloaded? Running 9008ms or 180 ticks behind
[02:14:11] [Server thread/WARN]: Can't keep up! Is the server overloaded? Running 9400ms or 188 ticks behind
[02:14:50] [Server thread/WARN]: Can't keep up! Is the server overloaded? Running 9150ms or 183 ticks behind
[02:15:17] [Server thread/INFO]: Saving the game (this may take a moment!)
[02:15:17] [Server thread/INFO]: Saved the game
[02:15:30] [Server thread/WARN]: Can't keep up! Is the server overloaded? Running 9280ms or 185 ticks behind
[02:16:09] [Server thread/WARN]: Can't keep up! Is the server overloaded? Running 9364ms or 187 ticks behind
[02:16:49] [Server thread/WARN]: Can't keep up! Is the server overloaded? Running 9844ms or 196 ticks behind
[02:17:28] [Server thread/WARN]: Can't keep up! Is the server overloaded? Running 9791ms or 195 ticks behind
[02:18:07] [Server thread/WARN]: Can't keep up! Is the server overloaded? Running 8926ms or 178 ticks behind
[02:18:47] [Server thread/WARN]: Can't keep up! Is the server overloaded? Running 9633ms or 192 ticks behind
[02:19:25] [Server thread/WARN]: Can't keep up! Is the server overloaded? Running 8546ms or 170 ticks behind
[02:20:05] [Server thread/WARN]: Can't keep up! Is the server overloaded? Running 9152ms or 183 ticks behind
[02:20:44] [Server thread/WARN]: Can't keep up! Is the server overloaded? Running 9158ms or 183 ticks behind
[02:21:22] [Server thread/WARN]: Can't keep up! Is the server overloaded? Running 8338ms or 166 ticks behind
[02:21:59] [Server thread/WARN]: Can't keep up! Is the server overloaded? Running 6799ms or 135 ticks behind
[02:22:35] [Server thread/WARN]: Can't keep up! Is the server overloaded? Running 6581ms or 131 ticks behind
[02:23:13] [Server thread/WARN]: Can't keep up! Is the server overloaded? Running 7452ms or 149 ticks behind
[02:23:51] [Server thread/WARN]: Can't keep up! Is the server overloaded? Running 7810ms or 156 ticks behind
[02:24:29] [Server thread/WARN]: Can't keep up! Is the server overloaded? Running 8085ms or 161 ticks behind
[02:25:08] [Server thread/WARN]: Can't keep up! Is the server overloaded? Running 9320ms or 186 ticks behind
[02:25:47] [Server thread/WARN]: Can't keep up! Is the server overloaded? Running 9333ms or 186 ticks behind
[02:26:25] [Server thread/WARN]: Can't keep up! Is the server overloaded? Running 7954ms or 159 ticks behind
[02:27:06] [Server thread/WARN]: Can't keep up! Is the server overloaded? Running 10812ms or 216 ticks behind
[02:27:42] [Server thread/WARN]: Can't keep up! Is the server overloaded? Running 5994ms or 119 ticks behind
[02:28:19] [Server thread/WARN]: Can't keep up! Is the server overloaded? Running 6739ms or 134 ticks behind
[02:28:56] [Server thread/WARN]: Can't keep up! Is the server overloaded? Running 6945ms or 138 ticks behind
[02:29:32] [Server thread/WARN]: Can't keep up! Is the server overloaded? Running 6539ms or 130 ticks behind
[02:30:08] [Server thread/WARN]: Can't keep up! Is the server overloaded? Running 6265ms or 125 ticks behind
[02:30:46] [Server thread/WARN]: Can't keep up! Is the server overloaded? Running 7317ms or 146 ticks behind
[02:31:23] [Server thread/WARN]: Can't keep up! Is the server overloaded? Running 7325ms or 146 ticks behind
[02:32:01] [Server thread/WARN]: Can't keep up! Is the server overloaded? Running 7667ms or 153 ticks behind
[02:32:39] [Server thread/WARN]: Can't keep up! Is the server overloaded? Running 8398ms or 167 ticks behind
[02:33:17] [Server thread/WARN]: Can't keep up! Is the server overloaded? Running 7879ms or 157 ticks behind
[02:33:55] [Server thread/WARN]: Can't keep up! Is the server overloaded? Running 7791ms or 155 ticks behind
[02:34:33] [Server thread/WARN]: Can't keep up! Is the server overloaded? Running 8553ms or 171 ticks behind
[02:35:11] [Server thread/WARN]: Can't keep up! Is the server overloaded? Running 7661ms or 153 ticks behind
[02:35:49] [Server thread/WARN]: Can't keep up! Is the server overloaded? Running 8035ms or 160 ticks behind
[02:36:26] [Server thread/WARN]: Can't keep up! Is the server overloaded? Running 7609ms or 152 ticks behind
[02:37:04] [Server thread/WARN]: Can't keep up! Is the server overloaded? Running 7890ms or 157 ticks behind
[02:37:43] [Server thread/WARN]: Can't keep up! Is the server overloaded? Running 8643ms or 172 ticks behind
[02:38:21] [Server thread/WARN]: Can't keep up! Is the server overloaded? Running 7828ms or 156 ticks behind
[02:38:58] [Server thread/WARN]: Can't keep up! Is the server overloaded? Running 7444ms or 148 ticks behind
[02:39:36] [Server thread/WARN]: Can't keep up! Is the server overloaded? Running 7988ms or 159 ticks behind
[02:40:14] [Server thread/WARN]: Can't keep up! Is the server overloaded? Running 7905ms or 158 ticks behind
[02:40:52] [Server thread/WARN]: Can't keep up! Is the server overloaded? Running 7814ms or 156 ticks behind
[02:41:30] [Server thread/WARN]: Can't keep up! Is the server overloaded? Running 8250ms or 165 ticks behind
[02:42:07] [Server thread/WARN]: Can't keep up! Is the server overloaded? Running 7367ms or 147 ticks behind
[02:42:45] [Server thread/WARN]: Can't keep up! Is the server overloaded? Running 7486ms or 149 ticks behind
[02:43:22] [Server thread/WARN]: Can't keep up! Is the server overloaded? Running 7341ms or 146 ticks behind
[02:44:00] [Server thread/WARN]: Can't keep up! Is the server overloaded? Running 7951ms or 159 ticks behind
[02:44:37] [Server thread/WARN]: Can't keep up! Is the server overloaded? Running 7066ms or 141 ticks behind
[02:45:14] [Server thread/WARN]: Can't keep up! Is the server overloaded? Running 7224ms or 144 ticks behind
[02:45:17] [Server thread/INFO]: Saving the game (this may take a moment!)
[02:45:17] [Server thread/INFO]: Saved the game
[02:45:50] [Server thread/WARN]: Can't keep up! Is the server overloaded? Running 6362ms or 127 ticks behind
[02:46:27] [Server thread/WARN]: Can't keep up! Is the server overloaded? Running 6462ms or 129 ticks behind
[02:47:04] [Server thread/WARN]: Can't keep up! Is the server overloaded? Running 6894ms or 137 ticks behind
[02:47:40] [Server thread/WARN]: Can't keep up! Is the server overloaded? Running 6394ms or 127 ticks behind
[02:48:17] [Server thread/WARN]: Can't keep up! Is the server overloaded? Running 7267ms or 145 ticks behind
[02:48:55] [Server thread/WARN]: Can't keep up! Is the server overloaded? Running 7342ms or 146 ticks behind
[02:49:32] [Server thread/WARN]: Can't keep up! Is the server overloaded? Running 6968ms or 139 ticks behind
[02:50:11] [Server thread/WARN]: Can't keep up! Is the server overloaded? Running 9279ms or 185 ticks behind
[02:50:51] [Server thread/WARN]: Can't keep up! Is the server overloaded? Running 9751ms or 195 ticks behind
[02:51:30] [Server thread/WARN]: Can't keep up! Is the server overloaded? Running 9565ms or 191 ticks behind
[02:52:10] [Server thread/WARN]: Can't keep up! Is the server overloaded? Running 9618ms or 192 ticks behind
[02:52:48] [Server thread/WARN]: Can't keep up! Is the server overloaded? Running 7972ms or 159 ticks behind
[02:53:27] [Server thread/WARN]: Can't keep up! Is the server overloaded? Running 8802ms or 176 ticks behind
[02:54:05] [Server thread/WARN]: Can't keep up! Is the server overloaded? Running 8510ms or 170 ticks behind
[02:54:43] [Server thread/WARN]: Can't keep up! Is the server overloaded? Running 8253ms or 165 ticks behind
[02:55:22] [Server thread/WARN]: Can't keep up! Is the server overloaded? Running 8855ms or 177 ticks behind
[02:56:01] [Server thread/WARN]: Can't keep up! Is the server overloaded? Running 9184ms or 183 ticks behind
[02:56:40] [Server thread/WARN]: Can't keep up! Is the server overloaded? Running 8830ms or 176 ticks behind
[02:57:19] [Server thread/WARN]: Can't keep up! Is the server overloaded? Running 8818ms or 176 ticks behind
[02:57:58] [Server thread/WARN]: Can't keep up! Is the server overloaded? Running 9212ms or 184 ticks behind
[02:58:37] [Server thread/WARN]: Can't keep up! Is the server overloaded? Running 9029ms or 180 ticks behind
[02:59:16] [Server thread/WARN]: Can't keep up! Is the server overloaded? Running 9237ms or 184 ticks behind
[02:59:56] [Server thread/WARN]: Can't keep up! Is the server overloaded? Running 9236ms or 184 ticks behind
[03:00:35] [Server thread/WARN]: Can't keep up! Is the server overloaded? Running 9658ms or 193 ticks behind
[03:01:14] [Server thread/WARN]: Can't keep up! Is the server overloaded? Running 9034ms or 180 ticks behind
[03:01:53] [Server thread/WARN]: Can't keep up! Is the server overloaded? Running 9256ms or 185 ticks behind
[03:02:33] [Server thread/WARN]: Can't keep up! Is the server overloaded? Running 9467ms or 189 ticks behind
[03:03:13] [Server thread/WARN]: Can't keep up! Is the server overloaded? Running 10078ms or 201 ticks behind
[03:03:52] [Server thread/WARN]: Can't keep up! Is the server overloaded? Running 9620ms or 192 ticks behind
[03:04:33] [Server thread/WARN]: Can't keep up! Is the server overloaded? Running 10675ms or 213 ticks behind
[03:05:15] [Server thread/WARN]: Can't keep up! Is the server overloaded? Running 12009ms or 240 ticks behind
[03:05:57] [Server thread/WARN]: Can't keep up! Is the server overloaded? Running 12293ms or 245 ticks behind
[03:06:39] [Server thread/WARN]: Can't keep up! Is the server overloaded? Running 11600ms or 232 ticks behind
[03:07:20] [Server thread/WARN]: Can't keep up! Is the server overloaded? Running 10952ms or 219 ticks behind
[03:08:02] [Server thread/WARN]: Can't keep up! Is the server overloaded? Running 11984ms or 239 ticks behind
[03:08:44] [Server thread/WARN]: Can't keep up! Is the server overloaded? Running 12060ms or 241 ticks behind
[03:09:25] [Server thread/WARN]: Can't keep up! Is the server overloaded? Running 11432ms or 228 ticks behind
[03:10:07] [Server thread/WARN]: Can't keep up! Is the server overloaded? Running 11850ms or 237 ticks behind
[03:10:49] [Server thread/WARN]: Can't keep up! Is the server overloaded? Running 11371ms or 227 ticks behind
[03:11:29] [Server thread/WARN]: Can't keep up! Is the server overloaded? Running 10975ms or 219 ticks behind
[03:12:11] [Server thread/WARN]: Can't keep up! Is the server overloaded? Running 11721ms or 234 ticks behind
[03:12:52] [Server thread/WARN]: Can't keep up! Is the server overloaded? Running 11262ms or 225 ticks behind
[03:13:34] [Server thread/WARN]: Can't keep up! Is the server overloaded? Running 11617ms or 232 ticks behind
[03:14:16] [Server thread/WARN]: Can't keep up! Is the server overloaded? Running 11673ms or 233 ticks behind
[03:14:57] [Server thread/WARN]: Can't keep up! Is the server overloaded? Running 11355ms or 227 ticks behind
[03:15:17] [Server thread/INFO]: Saving the game (this may take a moment!)
[03:15:17] [Server thread/INFO]: Saved the game
[03:15:39] [Server thread/WARN]: Can't keep up! Is the server overloaded? Running 11644ms or 232 ticks behind
[03:16:20] [Server thread/WARN]: Can't keep up! Is the server overloaded? Running 11237ms or 224 ticks behind
[03:17:01] [Server thread/WARN]: Can't keep up! Is the server overloaded? Running 10889ms or 217 ticks behind
[03:17:42] [Server thread/WARN]: Can't keep up! Is the server overloaded? Running 10965ms or 219 ticks behind
[03:18:23] [Server thread/WARN]: Can't keep up! Is the server overloaded? Running 11317ms or 226 ticks behind
[03:19:04] [Server thread/WARN]: Can't keep up! Is the server overloaded? Running 11224ms or 224 ticks behind
[03:19:46] [Server thread/WARN]: Can't keep up! Is the server overloaded? Running 11842ms or 236 ticks behind
[03:20:28] [Server thread/WARN]: Can't keep up! Is the server overloaded? Running 11901ms or 238 ticks behind
[03:21:09] [Server thread/WARN]: Can't keep up! Is the server overloaded? Running 11353ms or 227 ticks behind
[03:21:50] [Server thread/WARN]: Can't keep up! Is the server overloaded? Running 10694ms or 213 ticks behind
[03:22:32] [Server thread/WARN]: Can't keep up! Is the server overloaded? Running 11684ms or 233 ticks behind
[03:23:13] [Server thread/WARN]: Can't keep up! Is the server overloaded? Running 11746ms or 234 ticks behind
[03:23:57] [Server thread/WARN]: Can't keep up! Is the server overloaded? Running 14047ms or 280 ticks behind
[03:24:41] [Server thread/WARN]: Can't keep up! Is the server overloaded? Running 13593ms or 271 ticks behind
[03:25:24] [Server thread/WARN]: Can't keep up! Is the server overloaded? Running 12878ms or 257 ticks behind
[03:26:06] [Server thread/WARN]: Can't keep up! Is the server overloaded? Running 12140ms or 242 ticks behind
[03:26:47] [Server thread/WARN]: Can't keep up! Is the server overloaded? Running 11286ms or 225 ticks behind
[03:27:30] [Server thread/WARN]: Can't keep up! Is the server overloaded? Running 12860ms or 257 ticks behind
[03:28:11] [Server thread/WARN]: Can't keep up! Is the server overloaded? Running 11164ms or 223 ticks behind
[03:28:52] [Server thread/WARN]: Can't keep up! Is the server overloaded? Running 11531ms or 230 ticks behind
[03:29:34] [Server thread/WARN]: Can't keep up! Is the server overloaded? Running 11343ms or 226 ticks behind
[03:30:15] [Server thread/WARN]: Can't keep up! Is the server overloaded? Running 11774ms or 235 ticks behind
[03:30:56] [Server thread/WARN]: Can't keep up! Is the server overloaded? Running 10971ms or 219 ticks behind
[03:31:38] [Server thread/WARN]: Can't keep up! Is the server overloaded? Running 11430ms or 228 ticks behind
[03:32:19] [Server thread/WARN]: Can't keep up! Is the server overloaded? Running 11084ms or 221 ticks behind
[03:33:00] [Server thread/WARN]: Can't keep up! Is the server overloaded? Running 10768ms or 215 ticks behind
[03:33:41] [Server thread/WARN]: Can't keep up! Is the server overloaded? Running 11165ms or 223 ticks behind
[03:34:21] [Server thread/WARN]: Can't keep up! Is the server overloaded? Running 10251ms or 205 ticks behind
[03:35:01] [Server thread/WARN]: Can't keep up! Is the server overloaded? Running 10012ms or 200 ticks behind
[03:35:42] [Server thread/WARN]: Can't keep up! Is the server overloaded? Running 11215ms or 224 ticks behind
[03:36:23] [Server thread/WARN]: Can't keep up! Is the server overloaded? Running 10466ms or 209 ticks behind
[03:37:03] [Server thread/WARN]: Can't keep up! Is the server overloaded? Running 9906ms or 198 ticks behind
[03:37:37] [Server thread/ERROR]: Failed to save level ./The-Wall-master
java.io.IOException: No space left on device
	at java.io.FileOutputStream.writeBytes(Native Method) ~[?:?]
	at java.io.FileOutputStream.write(FileOutputStream.java:336) ~[?:?]
	at java.util.zip.GZIPOutputStream.writeHeader(GZIPOutputStream.java:185) ~[?:?]
	at java.util.zip.GZIPOutputStream.<init>(GZIPOutputStream.java:97) ~[?[03:37:44] [Server thread/WARN]: Can't keep up! Is the server overloaded? Running 11119ms or 222 ticks behind
[03:38:20] [Server thread/WARN]: Can't keep up! Is the server overloaded? Running 6524ms or 130 ticks behind
[03:38:57] [Server thread/WARN]: Can't keep up! Is the server overloaded? Running 6778ms or 135 ticks behind
[03:39:34] [Server thread/WARN]: Can't keep up! Is the server overloaded? Running 7347ms or 146 ticks behind
[03:40:12] [Server thread/WARN]: Can't keep up! Is the server overloaded? Running 7638ms or 152 ticks behind
[03:40:49] [Server thread/WARN]: Can't keep up! Is the server overloaded? Running 6832ms or 136 ticks behind
[03:41:27] [Server thread/WARN]: Can't keep up! Is the server overloaded? Running 8537ms or 170 ticks behind
[03:42:04] [Server thread/WARN]: Can't keep up! Is the server overloaded? Running 6792ms or 135 ticks behind
[03:42:42] [Server thread/WARN]: Can't keep up! Is the server overloaded? Running 8037ms or 160 ticks behind
[03:43:19] [Server thread/WARN]: Can't keep up! Is the server overloaded? Running 7170ms or 143 ticks behind
[03:43:58] [Server thread/WARN]: Can't keep up! Is the server overloaded? Running 9332ms or 186 ticks behind
[03:44:39] [Server thread/WARN]: Can't keep up! Is the server overloaded? Running 10500ms or 210 ticks behind
[03:45:01] [Server thread/INFO]: [Not Secure] [Server] The server will be down from 4:00 to 4:15. Deal with it
[03:45:17] [Server thread/INFO]: Saving the game (this may take a moment!)
[03:45:17] [Server thread/INFO]: Saved the game
[03:45:19] [Server thread/WARN]: Can't keep up! Is the server overloaded? Running 10375ms or 207 ticks behind
[03:45:57] [Server thread/WARN]: Can't keep up! Is the server overloaded? Running 8007ms or 160 ticks behind
[03:46:36] [Server thread/WARN]: Can't keep up! Is the server overloaded? Running 8338ms or 166 ticks behind
[03:47:13] [Server thread/WARN]: Can't keep up! Is the server overloaded? Running 7803ms or 156 ticks behind
[03:47:51] [Server thread/WARN]: Can't keep up! Is the server overloaded? Running 8097ms or 161 ticks behind
[03:48:30] [Server thread/WARN]: Can't keep up! Is the server overloaded? Running 8246ms or 164 ticks behind
[03:49:07] [Server thread/WARN]: Can't keep up! Is the server overloaded? Running 7407ms or 148 ticks behind
[03:49:46] [Server thread/WARN]: Can't keep up! Is the server overloaded? Running 8863ms or 177 ticks behind
[03:50:25] [Server thread/WARN]: Can't keep up! Is the server overloaded? Running 9359ms or 187 ticks behind
[03:51:05] [Server thread/WARN]: Can't keep up! Is the server overloaded? Running 10266ms or 205 ticks behind
[03:51:46] [Server thread/WARN]: Can't keep up! Is the server overloaded? Running 10163ms or 203 ticks behind
[03:52:25] [Server thread/WARN]: Can't keep up! Is the server overloaded? Running 9726ms or 194 ticks behind
[03:53:04] [Server thread/WARN]: Can't keep up! Is the server overloaded? Running 9175ms or 183 ticks behind
[03:53:47] [Server thread/WARN]: Can't keep up! Is the server overloaded? Running 12935ms or 258 ticks behind
[03:54:29] [Server thread/WARN]: Can't keep up! Is the server overloaded? Running 11601ms or 232 ticks behind
[03:55:00] [Server thread/INFO]: [Not Secure] [Server] The server will be down from 4:00 to 4:15. Deal with it
[03:55:11] [Server thread/WARN]: Can't keep up! Is the server overloaded? Running 12592ms or 251 ticks behind
[03:55:54] [Server thread/WARN]: Can't keep up! Is the server overloaded? Running 12226ms or 244 ticks behind
[03:56:36] [Server thread/WARN]: Can't keep up! Is the server overloaded? Running 12252ms or 245 ticks behind
[03:57:18] [Server thread/WARN]: Can't keep up! Is the server overloaded? Running 11787ms or 235 ticks behind
[03:58:00] [Server thread/WARN]: Can't keep up! Is the server overloaded? Running 11922ms or 238 ticks behind
[03:58:42] [Server thread/WARN]: Can't keep up! Is the server overloaded? Running 12584ms or 251 ticks behind
[03:59:24] [Server thread/WARN]: Can't keep up! Is the server overloaded? Running 12302ms or 246 ticks behind
[04:00:00] [Server thread/INFO][04:00:05] [Server thread/INFO]: Saving chunks for level 'ServerLevel[The-Wall-master]'/minecraft:overworld
[04:00:07] [Server thread/INFO]: Saving chunks for level 'ServerLevel[The-Wall-master_nether]'/minecraft:the_nether
[04:00:07] [Server thread/INFO]: Saving chunks for level 'ServerLevel[The-Wall-master_the_end]'/minecraft:the_end
[04:00:07] [Server thread/INFO]: ThreadedAnvilChunkStorage (The-Wall-master): All chunks are saved
[04:00:07] [Server thread/INFO]: ThreadedAnvilChunkStorage (DIM-1): All chunks are saved
[04:00:07] [Server thread/INFO]: ThreadedAnvilChunkStorage (DIM1): All chunks are saved
[04:00:07] [Server thread/INFO]: ThreadedAnvilChunkStorage: All dimensions are saved
[04:00:07] [Server thread/INFO]: Thread Query Listener stopped
