[00:03:49] [Server thread/INFO]: 855_FOR_TRUTH lost connection: Disconnected
[00:03:49] [Server thread/INFO]: 855_FOR_TRUTH left the game
[00:11:52] [Server thread/WARN]: Can't keep up! Is the server overloaded? Running 2500ms or 50 ticks behind
[00:12:15] [Server thread/WARN]: Can't keep up! Is the server overloaded? Running 8486ms or 169 ticks behind
[00:12:39] [Server thread/WARN]: Can't keep up! Is the server overloaded? Running 8941ms or 178 ticks behind
[00:13:03] [Server thread/WARN]: Can't keep up! Is the server overloaded? Running 8771ms or 175 ticks behind
[00:13:23] [Server thread/WARN]: Can't keep up! Is the server overloaded? Running 5192ms or 103 ticks behind
[00:13:43] [Server thread/WARN]: Can't keep up! Is the server overloaded? Running 4635ms or 92 ticks behind
[00:14:02] [Server thread/WARN]: Can't keep up! Is the server overloaded? Running 4144ms or 82 ticks behind
[00:14:20] [Server thread/WARN]: Can't keep up! Is the server overloaded? Running 3634ms or 72 ticks behind
[00:14:38] [Server thread/WARN]: Can't keep up! Is the server overloaded? Running 3141ms or 62 ticks behind
[00:31:40] [Server thread/WARN]: Can't keep up! Is the server overloaded? Running 2504ms or 50 ticks behind
[00:31:58] [Server thread/WARN]: Can't keep up! Is the server overloaded? Running 3563ms or 71 ticks behind
[00:32:17] [Server thread/WARN]: Can't keep up! Is the server overloaded? Running 3376ms or 67 ticks behind
[00:32:35] [Server thread/WARN]: Can't keep up! Is the server overloaded? Running 3130ms or 62 ticks behind
[00:32:55] [Server thread/WARN]: Can't keep up! Is the server overloaded? Running 4737ms or 94 ticks behind
[00:33:14] [Server thread/WARN]: Can't keep up! Is the server overloaded? Running 4583ms or 91 ticks behind
[00:33:43] [Server thread/WARN]: Can't keep up! Is the server overloaded? Running 2504ms or 50 ticks behind
[00:47:12] [Server thread/WARN]: Can't keep up! Is the server overloaded? Running 2515ms or 50 ticks behind
[00:47:32] [Server thread/WARN]: Can't keep up! Is the server overloaded? Running 2502ms or 50 ticks behind
[00:49:41] [Server thread/WARN]: Can't keep up! Is the server overloaded? Running 2505ms or 50 ticks behind
[00:50:22] [Server thread/WARN]: Can't keep up! Is the server overloaded? Running 2518ms or 50 ticks behind
[00:52:54] [Server thread/WARN]: Can't keep up! Is the server overloaded? Running 2522ms or 50 ticks behind
[00:53:15] [Server thread/WARN]: Can't keep up! Is the server overloaded? Running 5625ms or 112 ticks behind
[00:53:36] [Server thread/WARN]: Can't keep up! Is the server overloaded? Running 6594ms or 131 ticks behind
[00:53:57] [Server thread/WARN]: Can't keep up! Is the server overloaded? Running 6248ms or 124 ticks behind
[00:54:18] [Server thread/WARN]: Can't keep up! Is the server overloaded? Running 5804ms or 116 ticks behind
[00:54:38] [Server thread/WARN]: Can't keep up! Is the server overloaded? Running 4782ms or 95 ticks behind
[01:08:48] [Server thread/WARN]: Can't keep up! Is the server overloaded? Running 2500ms or 50 ticks behind
[01:09:07] [Server thread/WARN]: Can't keep up! Is the server overloaded? Running 3353ms or 67 ticks behind
[01:09:25] [Server thread/WARN]: Can't keep up! Is the server overloaded? Running 3415ms or 68 ticks behind
[01:09:43] [Server thread/WARN]: Can't keep up! Is the server overloaded? Running 3485ms or 69 ticks behind
[01:10:02] [Server thread/WARN]: Can't keep up! Is the server overloaded? Running 3415ms or 68 ticks behind
[01:10:21] [Server thread/WARN]: Can't keep up! Is the server overloaded? Running 3962ms or 79 ticks behind
[01:10:39] [Server thread/WARN]: Can't keep up! Is the server overloaded? Running 3538ms or 70 ticks behind
[01:10:57] [Server thread/WARN]: Can't keep up! Is the server overloaded? Running 2830ms or 56 ticks behind
[01:11:05] [Craft Scheduler Thread - 0/WARN]: java.net.SocketException: Network is unreachable
[01:11:05] [Craft Scheduler Thread - 0/WARN]: 	at java.base/sun.nio.ch.DatagramChannelImpl.send0(Native Method)
[01:11:05] [Craft Scheduler Thread - 0/WARN]: 	at java.base/sun.nio.ch.DatagramChannelImpl.sendFromNativeBuffer(DatagramChannelImpl.java:901)
[01:11:05] [Craft Scheduler Thread - 0/WARN]: 	at java.base/sun.nio.ch.DatagramChannelImpl.send(DatagramChannelImpl.java:863)
[01:11:05] [Craft Scheduler Thread - 0/WARN]: 	at java.base/sun.nio.ch.DatagramChannelImpl.send(DatagramChannelImpl.java:821)
[01:11:05] [Craft Scheduler Thread - 0/WARN]: 	at java.base/sun.nio.ch.DatagramChannelImpl.blockingSend(DatagramChannelImpl.java:853)
[01:11:05] [Craft Scheduler Thread - 0/WARN]: 	at java.base/sun.nio.ch.DatagramSocketAdaptor.send(DatagramSocketAdaptor.java:218)
[01:11:05] [Craft Scheduler Thread - 0/WARN]: 	at java.base/java.net.DatagramSocket.send(DatagramSocket.java:665)
[01:11:05] [Craft Scheduler Thread - 0/WARN]: 	at com.gitlab.ruany.lanbroadcaster.LANBroadcaster.broadcast(LANBroadcaster.java:54)
[01:11:05] [Craft Scheduler Thread - 0/WARN]: 	at com.gitlab.ruany.lanbroadcaster.LANBroadcaster.run(LANBroadcaster.java:43)
[01:11:05] [Craft Scheduler Thread - 0/WARN]: 	at org.bukkit.craftbukkit.v1_20_R3.scheduler.CraftTask.run(CraftTask.java:77)
[01:11:05] [Craft Scheduler Thread - 0/WARN]: 	at org.bukkit.craftbukkit.v1_20_R3.scheduler.CraftAsyncTask.run(CraftAsyncTask.java:54)
[01:11:05] [Craft Scheduler Thread - 0/WARN]: 	at java.base/java.util.concurrent.ThreadPoolExecutor.runWorker(ThreadPoolExecutor.java:1136)
[01:11:05] [Craft Scheduler Thread - 0/WARN]: 	at java.base/java.util.concurrent.ThreadPoolExecutor$Worker.run(ThreadPoolExecutor.java:635)
[01:11:05] [Craft Scheduler Thread - 0/WARN]: 	at java.base/java.lang.Thread.run(Thread.java:833)
[01:11:05] [Craft Scheduler Thread - 0/WARN]: [LANBroadcaster] Failed to broadcast, trying again in 10 seconds...
[01:11:15] [Craft Scheduler Thread - 0/WARN]: [LANBroadcaster] Failed to broadcast, trying again in 10 seconds...
[01:11:25] [Craft Scheduler Thread - 0/WARN]: [LANBroadcaster] Failed to broadcast, trying again in 10 seconds...
[01:11:56] [Server thread/WARN]: Can't keep up! Is the server overloaded? Running 2516ms or 50 ticks behind
[01:12:14] [Server thread/WARN]: Can't keep up! Is the server overloaded? Running 2611ms or 52 ticks behind
[01:12:32] [Server thread/WARN]: Can't keep up! Is the server overloaded? Running 3235ms or 64 ticks behind
[01:12:50] [Server thread/WARN]: Can't keep up! Is the server overloaded? Running 3376ms or 67 ticks behind
[01:13:08] [Server thread/WARN]: Can't keep up! Is the server overloaded? Running 3015ms or 60 ticks behind
[01:13:26] [Server thread/WARN]: Can't keep up! Is the server overloaded? Running 2958ms or 59 ticks behind
[01:13:45] [Server thread/WARN]: Can't keep up! Is the server overloaded? Running 3283ms or 65 ticks behind
[01:14:02] [Server thread/WARN]: Can't keep up! Is the server overloaded? Running 2614ms or 52 ticks behind
[01:14:20] [Server thread/WARN]: Can't keep up! Is the server overloaded? Running 3237ms or 64 ticks behind
[01:14:43] [Server thread/WARN]: Can't keep up! Is the server overloaded? Running 7114ms or 142 ticks behind
[01:15:05] [Server thread/WARN]: Can't keep up! Is the server overloaded? Running 7686ms or 153 ticks behind
[01:15:26] [Server thread/WARN]: Can't keep up! Is the server overloaded? Running 5998ms or 119 ticks behind
[01:15:47] [Server thread/WARN]: Can't keep up! Is the server overloaded? Running 5822ms or 116 ticks behind
[01:16:06] [Server thread/WARN]: Can't keep up! Is the server overloaded? Running 3640ms or 72 ticks behind
[01:16:24] [Server thread/WARN]: Can't keep up! Is the server overloaded? Running 3084ms or 61 ticks behind
[01:16:42] [Server thread/WARN]: Can't keep up! Is the server overloaded? Running 3482ms or 69 ticks behind
[01:24:43] [Server thread/WARN]: Can't keep up! Is the server overloaded? Running 2501ms or 50 ticks behind
[01:25:01] [Server thread/WARN]: Can't keep up! Is the server overloaded? Running 2865ms or 57 ticks behind
[01:25:19] [Server thread/WARN]: Can't keep up! Is the server overloaded? Running 3168ms or 63 ticks behind
[01:35:48] [Server thread/WARN]: Can't keep up! Is the server overloaded? Running 2500ms or 50 ticks behind
[01:55:33] [Server thread/WARN]: Can't keep up! Is the server overloaded? Running 2504ms or 50 ticks behind
[01:56:04] [Server thread/WARN]: Can't keep up! Is the server overloaded? Running 2502ms or 50 ticks behind
[02:05:56] [Server thread/WARN]: Can't keep up! Is the server overloaded? Running 2507ms or 50 ticks behind
[02:15:37] [Server thread/WARN]: Can't keep up! Is the server overloaded? Running 2508ms or 50 ticks behind
[02:16:14] [Server thread/WARN]: Can't keep up! Is the server overloaded? Running 2505ms or 50 ticks behind
[02:35:43] [Server thread/WARN]: Can't keep up! Is the server overloaded? Running 2503ms or 50 ticks behind
[02:36:04] [Server thread/WARN]: Can't keep up! Is the server overloaded? Running 2500ms or 50 ticks behind
[02:36:27] [Server thread/WARN]: Can't keep up! Is the server overloaded? Running 2503ms or 50 ticks behind
[02:55:50] [Server thread/WARN]: Can't keep up! Is the server overloaded? Running 2507ms or 50 ticks behind
[02:56:10] [Server thread/WARN]: Can't keep up! Is the server overloaded? Running 2507ms or 50 ticks behind
[02:56:30] [Server thread/WARN]: Can't keep up! Is the server overloaded? Running 2507ms or 50 ticks behind
[03:16:08] [Server thread/WARN]: Can't keep up! Is the server overloaded? Running 2514ms or 50 ticks behind
[03:16:33] [Server thread/WARN]: Can't keep up! Is the server overloaded? Running 2506ms or 50 ticks behind
[03:36:04] [Server thread/WARN]: Can't keep up! Is the server overloaded? Running 2530ms or 50 ticks behind
[03:36:31] [Server thread/WARN]: Can't keep up! Is the server overloaded? Running 2506ms or 50 ticks behind
[03:56:17] [Server thread/WARN]: Can't keep up! Is the server overloaded? Running 2505ms or 50 ticks behind
